make all --print-data-base --no-builtin-variables --no-builtin-rules --question
make game
# make[1]: Entering directory '/home/weitnow/cpp_raylib_zeldalike'
# GNU Make 4.3
# Built for x86_64-pc-linux-gnu
# Copyright (C) 1988-2020 Free Software Foundation, Inc.
# License GPLv3+: GNU GPL version 3 or later <http://gnu.org/licenses/gpl.html>
# This is free software: you are free to change and redistribute it.
# There is NO WARRANTY, to the extent permitted by law.

# Make data base, printed on Fri Aug 26 15:06:38 2022

# Variables

# environment
GDK_BACKEND = x11
# environment
LC_ALL = C
# makefile (from 'Makefile', line 372)
SRC = $(call rwildcard, *.c, *.h)
# environment
GNOME_SHELL_SESSION_MODE = pop
# environment
SSH_AGENT_LAUNCHER = gnome-keyring
# makefile (from 'Makefile', line 27)
PROJECT_NAME = game
# makefile (from 'Makefile', line 75)
UNAMEOS = $(shell uname)
# environment
GJS_DEBUG_OUTPUT = stderr
# makefile (from 'Makefile', line 368)
SRC_DIR = src
# makefile (from 'Makefile', line 77)
PLATFORM_OS = LINUX
# environment
VSCODE_CWD = /home/weitnow
# environment
WINDOWPATH = 2
# makefile (from 'Makefile', line 49)
RAYLIB_INSTALL_PATH = $(DESTDIR)/lib
# default
MAKE_COMMAND := make
# makefile (from 'Makefile', line 28)
RAYLIB_VERSION = 3.0.0
# environment
QT_ACCESSIBILITY = 1
# makefile (from 'Makefile', line 51)
RAYLIB_H_INSTALL_PATH = $(DESTDIR)/include
# automatic
@D = $(patsubst %/,%,$(dir $@))
# makefile (from 'Makefile', line 369)
OBJ_DIR = obj
# environment
VSCODE_HANDLES_UNCAUGHT_ERRORS = true
# default
.VARIABLES := 
# environment
PWD = /home/weitnow/cpp_raylib_zeldalike
# automatic
%D = $(patsubst %/,%,$(dir $%))
# environment
XDG_DATA_DIRS = /usr/share/pop:/usr/share/gnome:/home/weitnow/.local/share/flatpak/exports/share:/var/lib/flatpak/exports/share:/usr/local/share/:/usr/share/:/var/lib/snapd/desktop
# automatic
^D = $(patsubst %/,%,$(dir $^))
# automatic
%F = $(notdir $%)
# environment
VSCODE_CODE_CACHE_PATH = /home/weitnow/.config/Code/CachedData/e4503b30fc78200f846c62cf8091b76ff5547662
# environment
LANG = C
# environment
XAUTHORITY = /run/user/1000/gdm/Xauthority
# default
.LOADED := 
# default
.INCLUDE_DIRS = /usr/local/include /usr/include /usr/include
# makefile
MAKEFLAGS = pqrRw
# environment
FANCYGIT_VERSION = 7.1.8
# makefile
CURDIR := /home/weitnow/cpp_raylib_zeldalike
# environment
APPLICATION_INSIGHTS_NO_DIAGNOSTIC_CHANNEL = true
# environment
LESSOPEN = | /usr/bin/lesspipe %s
# automatic
*D = $(patsubst %/,%,$(dir $*))
# environment
MFLAGS = -pqrRw
# environment
SSH_AUTH_SOCK = /run/user/1000/keyring/ssh
# default
.SHELLFLAGS := -c
# makefile (from 'Makefile', line 109)
RAYLIB_PATH = $(realpath $(RAYLIB_PREFIX))
# environment
XDG_CONFIG_DIRS = /etc/xdg/xdg-pop:/etc/xdg
# makefile (from 'Makefile', line 61)
USE_EXTERNAL_GLFW = FALSE
# automatic
+D = $(patsubst %/,%,$(dir $+))
# environment
XDG_SESSION_DESKTOP = pop
# makefile (from 'Makefile', line 1)
MAKEFILE_LIST := Makefile
# automatic
@F = $(notdir $@)
# environment
VSCODE_PID = 14610
# environment
XDG_SESSION_TYPE = x11
# automatic
?D = $(patsubst %/,%,$(dir $?))
# makefile (from 'Makefile', line 48)
DESTDIR = /usr/local
# makefile (from 'Makefile', line 33)
COMPILER_PATH = C:/raylib/w64devkit/bin
# environment
SESSION_MANAGER = local/tux:@/tmp/.ICE-unix/3121,unix/tux:/tmp/.ICE-unix/3121
# automatic
*F = $(notdir $*)
# makefile (from 'Makefile', line 108)
RAYLIB_PREFIX = ..
# environment
CHROME_DESKTOP = code-url-handler.desktop
# environment
DBUS_SESSION_BUS_ADDRESS = unix:path=/run/user/1000/bus
# automatic
<D = $(patsubst %/,%,$(dir $<))
# makefile (from 'Makefile', line 132)
RAYLIB_RELEASE_PATH = $(RAYLIB_PATH)/src
# makefile (from 'Makefile', line 37)
PLATFORM = PLATFORM_DESKTOP
# environment
VSCODE_NLS_CONFIG = {"locale":"en-gb","availableLanguages":{},"_languagePackSupport":true}
# default
MAKE_HOST := x86_64-pc-linux-gnu
# makefile (from 'Makefile', line 374)
OBJS = main.c
# environment
GNOME_DESKTOP_SESSION_ID = this-is-deprecated
# makefile
SHELL = /bin/sh
# default
MAKECMDGOALS := game
# environment
XMODIFIERS = @im=ibus
# environment
GJS_DEBUG_TOPICS = JS ERROR;JS LOG
# environment
SHLVL = 0
# environment
MAKELEVEL := 1
# makefile (from 'Makefile', line 181)
MAKE = make
# environment
PATH = /usr/local/sbin:/usr/local/bin:/usr/sbin:/usr/bin:/sbin:/bin:/usr/games:/usr/local/games:/snap/bin:/snap/bin:/opt/pycharm-community-2022.2/bin/:/snap/bin/
# default
MAKEFILES := 
# automatic
^F = $(notdir $^)
# makefile (from 'Makefile', line 323)
LDLIBS = -lraylib -lGL -lm -lpthread -ldl -lrt -lX11
# environment
INVOCATION_ID = 257e3a4c4f474f07beb36fa77eca81d3
# environment
USERNAME = weitnow
# environment
LESSCLOSE = /usr/bin/lesspipe %s %s
# automatic
?F = $(notdir $?)
# environment
GTK_IM_MODULE = ibus
# environment
XDG_CURRENT_DESKTOP = Unity
# environment
LS_COLORS = 
# automatic
+F = $(notdir $+)
# environment
DESKTOP_SESSION = pop
# environment
ORIGINAL_XDG_CURRENT_DESKTOP = pop:GNOME
# 'override' directive
GNUMAKEFLAGS := 
# environment
LOGNAME = weitnow
# environment
GIO_LAUNCHED_DESKTOP_FILE = /usr/share/applications/code.desktop
# makefile
.DEFAULT_GOAL := all
# makefile (from 'Makefile', line 29)
RAYLIB_API_VERSION = 300
# environment
SYSTEMD_EXEC_PID = 3140
# environment
DISPLAY = :1
# environment
USER = weitnow
# environment
GTK_MODULES = gail:atk-bridge:appmenu-gtk-module
# default
MAKE_VERSION := 4.3
# 'override' directive
.SHELLSTATUS := 0
# makefile (from 'Makefile', line 299)
LDFLAGS = -L. -L$(RAYLIB_INSTALL_PATH) -L$(RAYLIB_RELEASE_PATH)
# environment
MANAGERPID = 2873
# environment
GIO_LAUNCHED_DESKTOP_FILE_PID = 14610
# makefile (from 'Makefile', line 146)
EXAMPLE_RUNTIME_PATH = $(RAYLIB_RELEASE_PATH)
# environment
_ = /usr/share/code/code
# environment
XDG_RUNTIME_DIR = /run/user/1000
# makefile (from 'Makefile', line 216)
CFLAGS = -Wall -std=c++14 -D_DEFAULT_SOURCE -Wno-missing-braces -s -O1 -D_DEFAULT_SOURCE
# environment
GPG_AGENT_INFO = /run/user/1000/gnupg/S.gpg-agent:0:1
# makefile (from 'Makefile', line 382)
MAKEFILE_PARAMS = $(PROJECT_NAME)
# environment
JOURNAL_STREAM = 8:45384
# makefile (from 'Makefile', line 65)
USE_WAYLAND_DISPLAY = FALSE
# environment
XDG_SESSION_CLASS = user
# environment
VSCODE_AMD_ENTRYPOINT = vs/workbench/api/node/extensionHostProcess
# environment
HOME = /home/weitnow
# environment
QT_IM_MODULE = ibus
# makefile (from 'Makefile', line 57)
BUILD_MODE = RELEASE
# environment
ELECTRON_RUN_AS_NODE = 1
# environment
VSCODE_IPC_HOOK = /run/user/1000/vscode-51fa5b62-1.70.2-main.sock
# default
.RECIPEPREFIX := 
# automatic
<F = $(notdir $<)
# default
SUFFIXES := 
# makefile (from 'Makefile', line 54)
RAYLIB_LIBTYPE = STATIC
# default
.FEATURES := target-specific order-only second-expansion else-if shortest-stem undefine oneshell nocomment grouped-target extra-prereqs archives jobserver output-sync check-symlink load
# makefile (from 'Makefile', line 150)
CC = g++
# environment
XDG_MENU_PREFIX = gnome-
# makefile (from 'Makefile', line 274)
INCLUDE_PATHS = -I$(RAYLIB_H_INSTALL_PATH) -isystem. -isystem$(RAYLIB_PATH)/src -isystem$(RAYLIB_PATH)/release/include -isystem$(RAYLIB_PATH)/src/external
# environment
GDMSESSION = pop
# makefile (from 'Makefile', line 365)
rwildcard = $(foreach d,$(wildcard $1*),$(call rwildcard,$d/,$2) $(filter $(subst *,%,$2),$d))
# variable set hash-table stats:
# Load=124/1024=12%, Rehash=0, Collisions=7/272=3%

# Pattern-specific Variable Values

# No pattern-specific variable values.

# Directories

# /home/weitnow/src: could not be stat'd.
# src: could not be stat'd.
# /opt/homebrew/include: could not be stat'd.
# . (device 66307, inode 18614556): 15 files, no impossibilities.
# /opt/homebrew/lib: could not be stat'd.

# 15 files, no impossibilities in 5 directories.

# Implicit Rules

obj/%.o: src/%.c
#  recipe to execute (from 'Makefile', line 398):
	$(CC) -c $< -o $@ $(CFLAGS) $(INCLUDE_PATHS) -D$(PLATFORM)

# 1 implicit rules, 0 (0.0%) terminal.
# Files

game: main.c
#  Command line target.
#  Implicit rule search has not been done.
#  File does not exist.
#  File has not been updated.
#  recipe to execute (from 'Makefile', line 392):
	$(CC) -o $(PROJECT_NAME)$(EXT) $(OBJS) $(CFLAGS) $(INCLUDE_PATHS) $(LDFLAGS) $(LDLIBS) -D$(PLATFORM)

# Not a target:
Makefile:
#  Implicit rule search has been done.
#  Last modified 2022-08-25 17:56:27.543018359
#  File has been updated.
#  Successfully updated.

clean:
#  Phony target (prerequisite of .PHONY).
#  Implicit rule search has not been done.
#  File does not exist.
#  File has not been updated.
#  recipe to execute (from 'Makefile', line 407):
	find -type f -executable | xargs file -i | grep -E 'x-object|x-archive|x-sharedlib|x-executable' | rev | cut -d ':' -f 2- | rev | xargs rm -fv
	@echo Cleaning done

# Not a target:
.DEFAULT:
#  Implicit rule search has not been done.
#  Modification time never checked.
#  File has not been updated.

all:
#  Phony target (prerequisite of .PHONY).
#  Implicit rule search has not been done.
#  File does not exist.
 
make[1]: *** No rule to make target 'main.c', needed by 'game'.  Stop.
make: *** [Makefile:388: all] Error 2

#  File has not been updated.
#  recipe to execute (from 'Makefile', line 388):
	$(MAKE) $(MAKEFILE_PARAMS)

# Not a target:
main.c:
#  Implicit rule search has been done.
#  File does not exist.
#  File has not been updated.

.PHONY: all clean
#  Implicit rule search has not been done.
#  Modification time never checked.
#  File has not been updated.

# files hash-table stats:
# Load=8/1024=1%, Rehash=0, Collisions=0/24=0%
# VPATH Search Paths

# No 'vpath' search paths.

# No general ('VPATH' variable) search path.

# strcache buffers: 1 (0) / strings = 30 / storage = 305 B / avg = 10 B
# current buf: size = 8162 B / used = 305 B / count = 30 / avg = 10 B

# strcache performance: lookups = 41 / hit rate = 26%
# hash-table stats:
# Load=30/8192=0%, Rehash=0, Collisions=0/41=0%
# Finished Make data base on Fri Aug 26 15:06:38 2022

# make[1]: Leaving directory '/home/weitnow/cpp_raylib_zeldalike'
# GNU Make 4.3
# Built for x86_64-pc-linux-gnu
# Copyright (C) 1988-2020 Free Software Foundation, Inc.
# License GPLv3+: GNU GPL version 3 or later <http://gnu.org/licenses/gpl.html>
# This is free software: you are free to change and redistribute it.
# There is NO WARRANTY, to the extent permitted by law.

# Make data base, printed on Fri Aug 26 15:06:38 2022

# Variables

# environment
GDK_BACKEND = x11
# environment
LC_ALL = C
# makefile (from 'Makefile', line 372)
SRC = $(call rwildcard, *.c, *.h)
# environment
GNOME_SHELL_SESSION_MODE = pop
# environment
SSH_AGENT_LAUNCHER = gnome-keyring
# makefile (from 'Makefile', line 27)
PROJECT_NAME = game
# makefile (from 'Makefile', line 75)
UNAMEOS = $(shell uname)
# environment
GJS_DEBUG_OUTPUT = stderr
# makefile (from 'Makefile', line 368)
SRC_DIR = src
# makefile (from 'Makefile', line 77)
PLATFORM_OS = LINUX
# environment
VSCODE_CWD = /home/weitnow
# environment
WINDOWPATH = 2
# makefile (from 'Makefile', line 49)
RAYLIB_INSTALL_PATH = $(DESTDIR)/lib
# default
MAKE_COMMAND := make
# makefile (from 'Makefile', line 28)
RAYLIB_VERSION = 3.0.0
# environment
QT_ACCESSIBILITY = 1
# makefile (from 'Makefile', line 51)
RAYLIB_H_INSTALL_PATH = $(DESTDIR)/include
# automatic
@D = $(patsubst %/,%,$(dir $@))
# makefile (from 'Makefile', line 369)
OBJ_DIR = obj
# environment
VSCODE_HANDLES_UNCAUGHT_ERRORS = true
# default
.VARIABLES := 
# environment
PWD = /home/weitnow/cpp_raylib_zeldalike
# automatic
%D = $(patsubst %/,%,$(dir $%))
# environment
XDG_DATA_DIRS = /usr/share/pop:/usr/share/gnome:/home/weitnow/.local/share/flatpak/exports/share:/var/lib/flatpak/exports/share:/usr/local/share/:/usr/share/:/var/lib/snapd/desktop
# automatic
^D = $(patsubst %/,%,$(dir $^))
# automatic
%F = $(notdir $%)
# environment
VSCODE_CODE_CACHE_PATH = /home/weitnow/.config/Code/CachedData/e4503b30fc78200f846c62cf8091b76ff5547662
# environment
LANG = C
# environment
XAUTHORITY = /run/user/1000/gdm/Xauthority
# default
.LOADED := 
# default
.INCLUDE_DIRS = /usr/local/include /usr/include /usr/include
# makefile
MAKEFLAGS = pqrR
# environment
FANCYGIT_VERSION = 7.1.8
# makefile
CURDIR := /home/weitnow/cpp_raylib_zeldalike
# environment
APPLICATION_INSIGHTS_NO_DIAGNOSTIC_CHANNEL = true
# environment
LESSOPEN = | /usr/bin/lesspipe %s
# automatic
*D = $(patsubst %/,%,$(dir $*))
# environment
MFLAGS = -pqrR
# environment
SSH_AUTH_SOCK = /run/user/1000/keyring/ssh
# default
.SHELLFLAGS := -c
# makefile (from 'Makefile', line 109)
RAYLIB_PATH = $(realpath $(RAYLIB_PREFIX))
# environment
XDG_CONFIG_DIRS = /etc/xdg/xdg-pop:/etc/xdg
# makefile (from 'Makefile', line 61)
USE_EXTERNAL_GLFW = FALSE
# automatic
+D = $(patsubst %/,%,$(dir $+))
# environment
XDG_SESSION_DESKTOP = pop
# makefile (from 'Makefile', line 1)
MAKEFILE_LIST := Makefile
# automatic
@F = $(notdir $@)
# environment
VSCODE_PID = 14610
# environment
XDG_SESSION_TYPE = x11
# automatic
?D = $(patsubst %/,%,$(dir $?))
# makefile (from 'Makefile', line 48)
DESTDIR = /usr/local
# makefile (from 'Makefile', line 33)
COMPILER_PATH = C:/raylib/w64devkit/bin
# environment
SESSION_MANAGER = local/tux:@/tmp/.ICE-unix/3121,unix/tux:/tmp/.ICE-unix/3121
# automatic
*F = $(notdir $*)
# makefile (from 'Makefile', line 108)
RAYLIB_PREFIX = ..
# environment
CHROME_DESKTOP = code-url-handler.desktop
# environment
DBUS_SESSION_BUS_ADDRESS = unix:path=/run/user/1000/bus
# automatic
<D = $(patsubst %/,%,$(dir $<))
# makefile (from 'Makefile', line 132)
RAYLIB_RELEASE_PATH = $(RAYLIB_PATH)/src
# makefile (from 'Makefile', line 37)
PLATFORM = PLATFORM_DESKTOP
# environment
VSCODE_NLS_CONFIG = {"locale":"en-gb","availableLanguages":{},"_languagePackSupport":true}
# default
MAKE_HOST := x86_64-pc-linux-gnu
# makefile (from 'Makefile', line 374)
OBJS = main.c
# environment
GNOME_DESKTOP_SESSION_ID = this-is-deprecated
# makefile
SHELL = /bin/sh
# default
MAKECMDGOALS := all
# environment
XMODIFIERS = @im=ibus
# environment
GJS_DEBUG_TOPICS = JS ERROR;JS LOG
# environment
SHLVL = 0
# environment
MAKELEVEL := 0
# makefile (from 'Makefile', line 181)
MAKE = make
# environment
PATH = /usr/local/sbin:/usr/local/bin:/usr/sbin:/usr/bin:/sbin:/bin:/usr/games:/usr/local/games:/snap/bin:/snap/bin:/opt/pycharm-community-2022.2/bin/:/snap/bin/
# default
MAKEFILES := 
# automatic
^F = $(notdir $^)
# makefile (from 'Makefile', line 323)
LDLIBS = -lraylib -lGL -lm -lpthread -ldl -lrt -lX11
# environment
INVOCATION_ID = 257e3a4c4f474f07beb36fa77eca81d3
# environment
USERNAME = weitnow
# environment
LESSCLOSE = /usr/bin/lesspipe %s %s
# automatic
?F = $(notdir $?)
# environment
GTK_IM_MODULE = ibus
# environment
XDG_CURRENT_DESKTOP = Unity
# environment
LS_COLORS = 
# automatic
+F = $(notdir $+)
# environment
DESKTOP_SESSION = pop
# environment
ORIGINAL_XDG_CURRENT_DESKTOP = pop:GNOME
# 'override' directive
GNUMAKEFLAGS := 
# environment
LOGNAME = weitnow
# environment
GIO_LAUNCHED_DESKTOP_FILE = /usr/share/applications/code.desktop
# makefile
.DEFAULT_GOAL := all
# makefile (from 'Makefile', line 29)
RAYLIB_API_VERSION = 300
# environment
SYSTEMD_EXEC_PID = 3140
# environment
DISPLAY = :1
# environment
USER = weitnow
# environment
GTK_MODULES = gail:atk-bridge:appmenu-gtk-module
# default
MAKE_VERSION := 4.3
# 'override' directive
.SHELLSTATUS := 0
# makefile (from 'Makefile', line 299)
LDFLAGS = -L. -L$(RAYLIB_INSTALL_PATH) -L$(RAYLIB_RELEASE_PATH)
# environment
MANAGERPID = 2873
# environment
GIO_LAUNCHED_DESKTOP_FILE_PID = 14610
# makefile (from 'Makefile', line 146)
EXAMPLE_RUNTIME_PATH = $(RAYLIB_RELEASE_PATH)
# environment
_ = /usr/share/code/code
# environment
XDG_RUNTIME_DIR = /run/user/1000
# makefile (from 'Makefile', line 216)
CFLAGS = -Wall -std=c++14 -D_DEFAULT_SOURCE -Wno-missing-braces -s -O1 -D_DEFAULT_SOURCE
# environment
GPG_AGENT_INFO = /run/user/1000/gnupg/S.gpg-agent:0:1
# makefile (from 'Makefile', line 382)
MAKEFILE_PARAMS = $(PROJECT_NAME)
# environment
JOURNAL_STREAM = 8:45384
# makefile (from 'Makefile', line 65)
USE_WAYLAND_DISPLAY = FALSE
# environment
XDG_SESSION_CLASS = user
# environment
VSCODE_AMD_ENTRYPOINT = vs/workbench/api/node/extensionHostProcess
# environment
HOME = /home/weitnow
# environment
QT_IM_MODULE = ibus
# makefile (from 'Makefile', line 57)
BUILD_MODE = RELEASE
# environment
ELECTRON_RUN_AS_NODE = 1
# environment
VSCODE_IPC_HOOK = /run/user/1000/vscode-51fa5b62-1.70.2-main.sock
# default
.RECIPEPREFIX := 
# automatic
<F = $(notdir $<)
# default
SUFFIXES := 
# makefile (from 'Makefile', line 54)
RAYLIB_LIBTYPE = STATIC
# default
.FEATURES := target-specific order-only second-expansion else-if shortest-stem undefine oneshell nocomment grouped-target extra-prereqs archives jobserver output-sync check-symlink load
# makefile (from 'Makefile', line 150)
CC = g++
# environment
XDG_MENU_PREFIX = gnome-
# makefile (from 'Makefile', line 274)
INCLUDE_PATHS = -I$(RAYLIB_H_INSTALL_PATH) -isystem. -isystem$(RAYLIB_PATH)/src -isystem$(RAYLIB_PATH)/release/include -isystem$(RAYLIB_PATH)/src/external
# environment
GDMSESSION = pop
# makefile (from 'Makefile', line 365)
rwildcard = $(foreach d,$(wildcard $1*),$(call rwildcard,$d/,$2) $(filter $(subst *,%,$2),$d))
# variable set hash-table stats:
# Load=124/1024=12%, Rehash=0, Collisions=7/275=3%

# Pattern-specific Variable Values

# No pattern-specific variable values.

# Directories

# /home/weitnow/src: could not be stat'd.
# src: could not be stat'd.
# /opt/homebrew/include: could not be stat'd.
 
# . (device 66307, inode 18614556): 15 files, no impossibilities.
# /opt/homebrew/lib: could not be stat'd.

# 15 files, no impossibilities in 5 directories.

# Implicit Rules

obj/%.o: src/%.c
#  recipe to execute (from 'Makefile', line 398):
	$(CC) -c $< -o $@ $(CFLAGS) $(INCLUDE_PATHS) -D$(PLATFORM)

# 1 implicit rules, 0 (0.0%) terminal.
# Files

game: main.c
#  Implicit rule search has not been done.
#  Modification time never checked.
#  File has not been updated.
#  recipe to execute (from 'Makefile', line 392):
	$(CC) -o $(PROJECT_NAME)$(EXT) $(OBJS) $(CFLAGS) $(INCLUDE_PATHS) $(LDFLAGS) $(LDLIBS) -D$(PLATFORM)

# Not a target:
Makefile:
#  Implicit rule search has been done.
#  Last modified 2022-08-25 17:56:27.543018359
#  File has been updated.
#  Successfully updated.

clean:
#  Phony target (prerequisite of .PHONY).
#  Implicit rule search has not been done.
#  File does not exist.
#  File has not been updated.
#  recipe to execute (from 'Makefile', line 407):
	find -type f -executable | xargs file -i | grep -E 'x-object|x-archive|x-sharedlib|x-executable' | rev | cut -d ':' -f 2- | rev | xargs rm -fv
	@echo Cleaning done

# Not a target:
.DEFAULT:
#  Implicit rule search has not been done.
#  Modification time never checked.
#  File has not been updated.

all:
#  Phony target (prerequisite of .PHONY).
#  Command line target.
#  Implicit rule search has not been done.
#  Implicit/static pattern stem: ''
#  File does not exist.
#  File has been updated.
#  Failed to be updated.
# automatic
# @ := all
# automatic
# * := 
# automatic
# < := 
# automatic
# + := 
# automatic
# % := 
# automatic
# ^ := 
# automatic
# ? := 
# automatic
# | := 
# variable set hash-table stats:
# Load=8/32=25%, Rehash=0, Collisions=2/14=14%
#  recipe to execute (from 'Makefile', line 388):
	$(MAKE) $(MAKEFILE_PARAMS)

# Not a target:
main.c:
#  Implicit rule search has not been done.
#  Modification time never checked.
#  File has not been updated.

# Not a target:
.SUFFIXES:
#  Implicit rule search has not been done.
#  Modification time never checked.
#  File has not been updated.

.PHONY: all clean
#  Implicit rule search has not been done.
#  Modification time never checked.
#  File has not been updated.

# files hash-table stats:
# Load=8/1024=1%, Rehash=0, Collisions=0/25=0%
# VPATH Search Paths

# No 'vpath' search paths.

# No general ('VPATH' variable) search path.

# strcache buffers: 1 (0) / strings = 30 / storage = 305 B / avg = 10 B
# current buf: size = 8162 B / used = 305 B / count = 30 / avg = 10 B

# strcache performance: lookups = 42 / hit rate = 28%
# hash-table stats:
# Load=30/8192=0%, Rehash=0, Collisions=0/42=0%
# Finished Make data base on Fri Aug 26 15:06:38 2022

 
